0 verbose cli /data/data/com.termux/files/usr/bin/node /data/data/com.termux/files/usr/bin/npm
1 info using npm@11.13.0
2 info using node@v24.14.1
3 silly config load:file:/data/data/com.termux/files/usr/lib/node_modules/npm/npmrc
4 silly config load:file:/data/data/com.termux/files/home/.npmrc
5 silly config load:file:/data/data/com.termux/files/usr/etc/npmrc
6 verbose title npm install @netlify/plugin-nextjs
7 verbose argv "install" "--save-dev" "@netlify/plugin-nextjs"
8 verbose logfile logs-max:10 dir:/data/data/com.termux/files/home/.npm/_logs/2026-04-27T12_13_10_596Z-
9 verbose logfile /data/data/com.termux/files/home/.npm/_logs/2026-04-27T12_13_10_596Z-debug-0.log
10 silly logfile done cleaning log files
11 silly packumentCache heap:1014759424 maxSize:253689856 maxEntrySize:126844928
12 silly idealTree buildDeps
13 silly fetch manifest @netlify/plugin-nextjs@*
14 silly packumentCache full:https://registry.npmjs.org/@netlify%2fplugin-nextjs cache-miss
15 http cache https://registry.npmjs.org/@netlify%2fplugin-nextjs 456ms (cache hit)
16 silly packumentCache full:https://registry.npmjs.org/@netlify%2fplugin-nextjs set size:1390082 disposed:false
17 silly placeDep ROOT @netlify/plugin-nextjs@5.15.9 OK for: home@1.0.0 want: *
18 silly reify moves {}
19 silly audit bulk request {
19 silly audit   '@antfu/install-pkg': [ '1.1.0' ],
19 silly audit   '@braintree/sanitize-url': [ '7.1.2' ],
19 silly audit   '@chevrotain/cst-dts-gen': [ '12.0.0' ],
19 silly audit   '@chevrotain/gast': [ '12.0.0' ],
19 silly audit   '@chevrotain/regexp-to-ast': [ '12.0.0' ],
19 silly audit   '@chevrotain/types': [ '12.0.0' ],
19 silly audit   '@chevrotain/utils': [ '12.0.0' ],
19 silly audit   '@emnapi/runtime': [ '1.10.0' ],
19 silly audit   '@floating-ui/core': [ '1.7.5' ],
19 silly audit   '@floating-ui/dom': [ '1.7.6' ],
19 silly audit   '@floating-ui/react': [ '0.26.28' ],
19 silly audit   '@floating-ui/react-dom': [ '2.1.8' ],
19 silly audit   '@floating-ui/utils': [ '0.2.11' ],
19 silly audit   '@formatjs/intl-localematcher': [ '0.6.2' ],
19 silly audit   '@headlessui/react': [ '2.2.10' ],
19 silly audit   '@iconify/types': [ '2.0.0' ],
19 silly audit   '@iconify/utils': [ '3.1.1' ],
19 silly audit   '@img/colour': [ '1.1.0' ],
19 silly audit   '@img/sharp-darwin-arm64': [ '0.34.5' ],
19 silly audit   '@img/sharp-darwin-x64': [ '0.34.5' ],
19 silly audit   '@img/sharp-libvips-darwin-arm64': [ '1.2.4' ],
19 silly audit   '@img/sharp-libvips-darwin-x64': [ '1.2.4' ],
19 silly audit   '@img/sharp-libvips-linux-arm': [ '1.2.4' ],
19 silly audit   '@img/sharp-libvips-linux-arm64': [ '1.2.4' ],
19 silly audit   '@img/sharp-libvips-linux-ppc64': [ '1.2.4' ],
19 silly audit   '@img/sharp-libvips-linux-riscv64': [ '1.2.4' ],
19 silly audit   '@img/sharp-libvips-linux-s390x': [ '1.2.4' ],
19 silly audit   '@img/sharp-libvips-linux-x64': [ '1.2.4' ],
19 silly audit   '@img/sharp-libvips-linuxmusl-arm64': [ '1.2.4' ],
19 silly audit   '@img/sharp-libvips-linuxmusl-x64': [ '1.2.4' ],
19 silly audit   '@img/sharp-linux-arm': [ '0.34.5' ],
19 silly audit   '@img/sharp-linux-arm64': [ '0.34.5' ],
19 silly audit   '@img/sharp-linux-ppc64': [ '0.34.5' ],
19 silly audit   '@img/sharp-linux-riscv64': [ '0.34.5' ],
19 silly audit   '@img/sharp-linux-s390x': [ '0.34.5' ],
19 silly audit   '@img/sharp-linux-x64': [ '0.34.5' ],
19 silly audit   '@img/sharp-linuxmusl-arm64': [ '0.34.5' ],
19 silly audit   '@img/sharp-linuxmusl-x64': [ '0.34.5' ],
19 silly audit   '@img/sharp-wasm32': [ '0.34.5' ],
19 silly audit   '@img/sharp-win32-arm64': [ '0.34.5' ],
19 silly audit   '@img/sharp-win32-ia32': [ '0.34.5' ],
19 silly audit   '@img/sharp-win32-x64': [ '0.34.5' ],
19 silly audit   '@internationalized/date': [ '3.12.1' ],
19 silly audit   '@internationalized/number': [ '3.6.6' ],
19 silly audit   '@internationalized/string': [ '3.2.8' ],
19 silly audit   '@mdx-js/mdx': [ '3.1.1' ],
19 silly audit   '@mermaid-js/parser': [ '1.1.0' ],
19 silly audit   '@napi-rs/simple-git': [ '0.1.22' ],
19 silly audit   '@napi-rs/simple-git-android-arm-eabi': [ '0.1.22' ],
19 silly audit   '@napi-rs/simple-git-android-arm64': [ '0.1.22' ],
19 silly audit   '@napi-rs/simple-git-darwin-arm64': [ '0.1.22' ],
19 silly audit   '@napi-rs/simple-git-darwin-x64': [ '0.1.22' ],
19 silly audit   '@napi-rs/simple-git-freebsd-x64': [ '0.1.22' ],
19 silly audit   '@napi-rs/simple-git-linux-arm-gnueabihf': [ '0.1.22' ],
19 silly audit   '@napi-rs/simple-git-linux-arm64-gnu': [ '0.1.22' ],
19 silly audit   '@napi-rs/simple-git-linux-arm64-musl': [ '0.1.22' ],
19 silly audit   '@napi-rs/simple-git-linux-ppc64-gnu': [ '0.1.22' ],
19 silly audit   '@napi-rs/simple-git-linux-s390x-gnu': [ '0.1.22' ],
19 silly audit   '@napi-rs/simple-git-linux-x64-gnu': [ '0.1.22' ],
19 silly audit   '@napi-rs/simple-git-linux-x64-musl': [ '0.1.22' ],
19 silly audit   '@napi-rs/simple-git-win32-arm64-msvc': [ '0.1.22' ],
19 silly audit   '@napi-rs/simple-git-win32-ia32-msvc': [ '0.1.22' ],
19 silly audit   '@napi-rs/simple-git-win32-x64-msvc': [ '0.1.22' ],
19 silly audit   '@next/env': [ '16.2.4' ],
19 silly audit   '@next/swc-darwin-arm64': [ '16.2.4' ],
19 silly audit   '@next/swc-darwin-x64': [ '16.2.4' ],
19 silly audit   '@next/swc-linux-arm64-gnu': [ '16.2.4' ],
19 silly audit   '@next/swc-linux-arm64-musl': [ '16.2.4' ],
19 silly audit   '@next/swc-linux-x64-gnu': [ '16.2.4' ],
19 silly audit   '@next/swc-linux-x64-musl': [ '16.2.4' ],
19 silly audit   '@next/swc-win32-arm64-msvc': [ '16.2.4' ],
19 silly audit   '@next/swc-win32-x64-msvc': [ '16.2.4' ],
19 silly audit   '@nodelib/fs.scandir': [ '2.1.5' ],
19 silly audit   '@nodelib/fs.stat': [ '2.0.5' ],
19 silly audit   '@nodelib/fs.walk': [ '1.2.8' ],
19 silly audit   '@react-aria/focus': [ '3.22.0' ],
19 silly audit   '@react-aria/interactions': [ '3.28.0' ],
19 silly audit   '@react-types/shared': [ '3.34.0' ],
19 silly audit   '@shikijs/core': [ '3.23.0' ],
19 silly audit   '@shikijs/engine-javascript': [ '3.23.0' ],
19 silly audit   '@shikijs/engine-oniguruma': [ '3.23.0' ],
19 silly audit   '@shikijs/langs': [ '3.23.0' ],
19 silly audit   '@shikijs/themes': [ '3.23.0' ],
19 silly audit   '@shikijs/twoslash': [ '3.23.0' ],
19 silly audit   '@shikijs/types': [ '3.23.0' ],
19 silly audit   '@shikijs/vscode-textmate': [ '10.0.2' ],
19 silly audit   '@swc/helpers': [ '0.5.15' ],
19 silly audit   '@tanstack/react-virtual': [ '3.13.24' ],
19 silly audit   '@tanstack/virtual-core': [ '3.14.0' ],
19 silly audit   '@theguild/remark-mermaid': [ '0.3.0' ],
19 silly audit   '@theguild/remark-npm2yarn': [ '0.3.3' ],
19 silly audit   '@ts-morph/common': [ '0.28.1' ],
19 silly audit   '@types/d3': [ '7.4.3' ],
19 silly audit   '@types/d3-array': [ '3.2.2' ],
19 silly audit   '@types/d3-axis': [ '3.0.6' ],
19 silly audit   '@types/d3-brush': [ '3.0.6' ],
19 silly audit   '@types/d3-chord': [ '3.0.6' ],
19 silly audit   '@types/d3-color': [ '3.1.3' ],
19 silly audit   '@types/d3-contour': [ '3.0.6' ],
19 silly audit   '@types/d3-delaunay': [ '6.0.4' ],
19 silly audit   '@types/d3-dispatch': [ '3.0.7' ],
19 silly audit   '@types/d3-drag': [ '3.0.7' ],
19 silly audit   '@types/d3-dsv': [ '3.0.7' ],
19 silly audit   '@types/d3-ease': [ '3.0.2' ],
19 silly audit   '@types/d3-fetch': [ '3.0.7' ],
19 silly audit   '@types/d3-force': [ '3.0.10' ],
19 silly audit   '@types/d3-format': [ '3.0.4' ],
19 silly audit   '@types/d3-geo': [ '3.1.0' ],
19 silly audit   '@types/d3-hierarchy': [ '3.1.7' ],
19 silly audit   '@types/d3-interpolate': [ '3.0.4' ],
19 silly audit   '@types/d3-path': [ '3.1.1' ],
19 silly audit   '@types/d3-polygon': [ '3.0.2' ],
19 silly audit   '@types/d3-quadtree': [ '3.0.6' ],
19 silly audit   '@types/d3-random': [ '3.0.3' ],
19 silly audit   '@types/d3-scale': [ '4.0.9' ],
19 silly audit   '@types/d3-scale-chromatic': [ '3.1.0' ],
19 silly audit   '@types/d3-selection': [ '3.0.11' ],
19 silly audit   '@types/d3-shape': [ '3.1.8' ],
19 silly audit   '@types/d3-time': [ '3.0.4' ],
19 silly audit   '@types/d3-time-format': [ '4.0.3' ],
19 silly audit   '@types/d3-timer': [ '3.0.2' ],
19 silly audit   '@types/d3-transition': [ '3.0.9' ],
19 silly audit   '@types/d3-zoom': [ '3.0.8' ],
19 silly audit   '@types/debug': [ '4.1.13' ],
19 silly audit   '@types/estree': [ '1.0.8' ],
19 silly audit   '@types/estree-jsx': [ '1.0.5' ],
19 silly audit   '@types/geojson': [ '7946.0.16' ],
19 silly audit   '@types/hast': [ '3.0.4' ],
19 silly audit   '@types/katex': [ '0.16.8' ],
19 silly audit   '@types/mdast': [ '4.0.4' ],
19 silly audit   '@types/mdx': [ '2.0.13' ],
19 silly audit   '@types/ms': [ '2.1.0' ],
19 silly audit   '@types/nlcst': [ '2.0.3' ],
19 silly audit   '@types/trusted-types': [ '2.0.7' ],
19 silly audit   '@types/unist': [ '3.0.3', '2.0.11' ],
19 silly audit   '@typescript/vfs': [ '1.6.4' ],
19 silly audit   '@ungap/structured-clone': [ '1.3.0' ],
19 silly audit   '@upsetjs/venn.js': [ '2.0.0' ],
19 silly audit   '@xmldom/xmldom': [ '0.9.10' ],
19 silly audit   acorn: [ '8.16.0' ],
19 silly audit   'acorn-jsx': [ '5.3.2' ],
19 silly audit   arg: [ '5.0.2' ],
19 silly audit   'aria-hidden': [ '1.2.6' ],
19 silly audit   'array-iterate': [ '2.0.1' ],
19 silly audit   astring: [ '1.9.0' ],
19 silly audit   bail: [ '2.0.2' ],
19 silly audit   'balanced-match': [ '4.0.4' ],
19 silly audit   'baseline-browser-mapping': [ '2.10.23' ],
19 silly audit   'better-react-mathjax': [ '2.3.0' ],
19 silly audit   'brace-expansion': [ '5.0.5' ],
19 silly audit   braces: [ '3.0.3' ],
19 silly audit   'caniuse-lite': [ '1.0.30001791' ],
19 silly audit   ccount: [ '2.0.1' ],
19 silly audit   chalk: [ '5.6.2' ],
19 silly audit   'character-entities': [ '2.0.2' ],
19 silly audit   'character-entities-html4': [ '2.1.0' ],
19 silly audit   'character-entities-legacy': [ '3.0.0' ],
19 silly audit   'character-reference-invalid': [ '2.0.1' ],
19 silly audit   chevrotain: [ '12.0.0' ],
19 silly audit   'chevrotain-allstar': [ '0.4.1' ],
19 silly audit   'client-only': [ '0.0.1' ],
19 silly audit   clipboardy: [ '4.0.0' ],
19 silly audit   clsx: [ '2.1.1' ],
19 silly audit   'code-block-writer': [ '13.0.3' ],
19 silly audit   'collapse-white-space': [ '2.1.0' ],
19 silly audit   'comma-separated-tokens': [ '2.0.3' ],
19 silly audit   commander: [ '8.3.0', '7.2.0', '13.1.0' ],
19 silly audit   'compute-scroll-into-view': [ '3.1.1' ],
19 silly audit   confbox: [ '0.1.8' ],
19 silly audit   'cose-base': [ '1.0.3', '2.2.0' ],
19 silly audit   'cross-spawn': [ '7.0.6' ],
19 silly audit   cytoscape: [ '3.33.2' ],
19 silly audit   'cytoscape-cose-bilkent': [ '4.1.0' ],
19 silly audit   'cytoscape-fcose': [ '2.2.0' ],
19 silly audit   'layout-base': [ '2.0.1', '1.0.2' ],
19 silly audit   d3: [ '7.9.0' ],
19 silly audit   'd3-array': [ '3.2.4', '2.12.1' ],
19 silly audit   'd3-axis': [ '3.0.0' ],
19 silly audit   'd3-brush': [ '3.0.0' ],
19 silly audit   'd3-chord': [ '3.0.1' ],
19 silly audit   'd3-color': [ '3.1.0' ],
19 silly audit   'd3-contour': [ '4.0.2' ],
19 silly audit   'd3-delaunay': [ '6.0.4' ],
19 silly audit   'd3-dispatch': [ '3.0.1' ],
19 silly audit   'd3-drag': [ '3.0.0' ],
19 silly audit   'd3-dsv': [ '3.0.1' ],
19 silly audit   'd3-ease': [ '3.0.1' ],
19 silly audit   'd3-fetch': [ '3.0.1' ],
19 silly audit   'd3-force': [ '3.0.0' ],
19 silly audit   'd3-format': [ '3.1.2' ],
19 silly audit   'd3-geo': [ '3.1.1' ],
19 silly audit   'd3-hierarchy': [ '3.1.2' ],
19 silly audit   'd3-interpolate': [ '3.0.1' ],
19 silly audit   'd3-path': [ '3.1.0', '1.0.9' ],
19 silly audit   'd3-polygon': [ '3.0.1' ],
19 silly audit   'd3-quadtree': [ '3.0.1' ],
19 silly audit   'd3-random': [ '3.0.1' ],
19 silly audit   'd3-sankey': [ '0.12.3' ],
19 silly audit   'd3-shape': [ '1.3.7', '3.2.0' ],
19 silly audit   internmap: [ '1.0.1', '2.0.3' ],
19 silly audit   'd3-scale': [ '4.0.2' ],
19 silly audit   'd3-scale-chromatic': [ '3.1.0' ],
19 silly audit   'd3-selection': [ '3.0.0' ],
19 silly audit   'd3-time': [ '3.1.0' ],
19 silly audit   'd3-time-format': [ '4.1.0' ],
19 silly audit   'd3-timer': [ '3.0.1' ],
19 silly audit   'd3-transition': [ '3.0.1' ],
19 silly audit   'd3-zoom': [ '3.0.0' ],
19 silly audit   'dagre-d3-es': [ '7.0.14' ],
19 silly audit   dayjs: [ '1.11.20' ],
19 silly audit   debug: [ '4.4.3' ],
19 silly audit   'decode-named-character-reference': [ '1.3.0' ],
19 silly audit   delaunator: [ '5.1.0' ],
19 silly audit   dequal: [ '2.0.3' ],
19 silly audit   'detect-libc': [ '2.1.2' ],
19 silly audit   devlop: [ '1.1.0' ],
19 silly audit   dompurify: [ '3.4.1' ],
19 silly audit   entities: [ '6.0.1' ],
19 silly audit   'esast-util-from-estree': [ '2.0.0' ],
19 silly audit   'esast-util-from-js': [ '2.0.1' ],
19 silly audit   'escape-string-regexp': [ '5.0.0' ],
19 silly audit   esm: [ '3.2.25' ],
19 silly audit   'estree-util-attach-comments': [ '3.0.0' ],
19 silly audit   'estree-util-build-jsx': [ '3.0.1' ],
19 silly audit   'estree-util-is-identifier-name': [ '3.0.0' ],
19 silly audit   'estree-util-scope': [ '1.0.0' ],
19 silly audit   'estree-util-to-js': [ '2.0.0' ],
19 silly audit   'estree-util-value-to-estree': [ '3.5.0' ],
19 silly audit   'estree-util-visit': [ '2.0.0' ],
19 silly audit   'estree-walker': [ '3.0.3' ],
19 silly audit   execa: [ '8.0.1' ],
19 silly audit   extend: [ '3.0.2' ],
19 silly audit   'fast-glob': [ '3.3.3' ],
19 silly audit   fastq: [ '1.20.1' ],
19 silly audit   fault: [ '2.0.1' ],
19 silly audit   'fill-range': [ '7.1.1' ],
19 silly audit   format: [ '0.2.2' ],
19 silly audit   'get-stream': [ '8.0.1' ],
19 silly audit   'github-slugger': [ '2.0.0' ],
19 silly audit   'glob-parent': [ '5.1.2' ],
19 silly audit   'hachure-fill': [ '0.5.2' ],
19 silly audit   'hast-util-from-dom': [ '5.0.1' ],
19 silly audit   'hast-util-from-html': [ '2.0.3' ],
19 silly audit   'hast-util-from-html-isomorphic': [ '2.0.0' ],
19 silly audit   'hast-util-from-parse5': [ '8.0.3' ],
19 silly audit   'hast-util-is-element': [ '3.0.0' ],
19 silly audit   'hast-util-parse-selector': [ '4.0.0' ],
19 silly audit   'hast-util-raw': [ '9.1.0' ],
19 silly audit   'hast-util-to-estree': [ '3.1.3' ],
19 silly audit   'hast-util-to-html': [ '9.0.5' ],
19 silly audit   'hast-util-to-jsx-runtime': [ '2.3.6' ],
19 silly audit   'hast-util-to-parse5': [ '8.0.1' ],
19 silly audit   'hast-util-to-string': [ '3.0.1' ],
19 silly audit   'hast-util-to-text': [ '4.0.2' ],
19 silly audit   'hast-util-whitespace': [ '3.0.0' ],
19 silly audit   hastscript: [ '9.0.1' ],
19 silly audit   'html-void-elements': [ '3.0.0' ],
19 silly audit   'human-signals': [ '5.0.0' ],
19 silly audit   'iconv-lite': [ '0.6.3' ],
19 silly audit   'inline-style-parser': [ '0.2.7' ],
19 silly audit   'is-alphabetical': [ '2.0.1' ],
19 silly audit   'is-alphanumerical': [ '2.0.1' ],
19 silly audit   'is-decimal': [ '2.0.1' ],
19 silly audit   'is-docker': [ '3.0.0' ],
19 silly audit   'is-extglob': [ '2.1.1' ],
19 silly audit   'is-glob': [ '4.0.3' ],
19 silly audit   'is-hexadecimal': [ '2.0.1' ],
19 silly audit   'is-inside-container': [ '1.0.0' ],
19 silly audit   'is-number': [ '7.0.0' ],
19 silly audit   'is-plain-obj': [ '4.1.0' ],
19 silly audit   'is-stream': [ '3.0.0' ],
19 silly audit   'is-wsl': [ '3.1.1' ],
19 silly audit   is64bit: [ '2.0.0' ],
19 silly audit   isexe: [ '2.0.0' ],
19 silly audit   katex: [ '0.16.45' ],
19 silly audit   khroma: [ '2.1.0' ],
19 silly audit   langium: [ '4.2.2' ],
19 silly audit   'lodash-es': [ '4.18.1' ],
19 silly audit   'longest-streak': [ '3.1.0' ],
19 silly audit   'markdown-extensions': [ '2.0.0' ],
19 silly audit   'markdown-table': [ '3.0.4' ],
19 silly audit   marked: [ '16.4.2' ],
19 silly audit   'mathjax-full': [ '3.2.2' ],
19 silly audit   'mdast-util-find-and-replace': [ '3.0.2' ],
19 silly audit   'mdast-util-from-markdown': [ '2.0.3' ],
19 silly audit   'mdast-util-frontmatter': [ '2.0.1' ],
19 silly audit   'mdast-util-gfm': [ '3.1.0' ],
19 silly audit   'mdast-util-gfm-autolink-literal': [ '2.0.1' ],
19 silly audit   'mdast-util-gfm-footnote': [ '2.1.0' ],
19 silly audit   'mdast-util-gfm-strikethrough': [ '2.0.0' ],
19 silly audit   'mdast-util-gfm-table': [ '2.0.0' ],
19 silly audit   'mdast-util-gfm-task-list-item': [ '2.0.0' ],
19 silly audit   'mdast-util-math': [ '3.0.0' ],
19 silly audit   'mdast-util-mdx': [ '3.0.0' ],
19 silly audit   'mdast-util-mdx-expression': [ '2.0.1' ],
19 silly audit   'mdast-util-mdx-jsx': [ '3.2.0' ],
19 silly audit   'mdast-util-mdxjs-esm': [ '2.0.1' ],
19 silly audit   'mdast-util-phrasing': [ '4.1.0' ],
19 silly audit   'mdast-util-to-hast': [ '13.2.1' ],
19 silly audit   'mdast-util-to-markdown': [ '2.1.2' ],
19 silly audit   'mdast-util-to-string': [ '4.0.0' ],
19 silly audit   'merge-stream': [ '2.0.0' ],
19 silly audit   merge2: [ '1.4.1' ],
19 silly audit   mermaid: [ '11.14.0' ],
19 silly audit   mhchemparser: [ '4.2.1' ],
19 silly audit   micromark: [ '4.0.2' ],
19 silly audit   'micromark-core-commonmark': [ '2.0.3' ],
19 silly audit   'micromark-extension-frontmatter': [ '2.0.0' ],
19 silly audit   'micromark-extension-gfm': [ '3.0.0' ],
19 silly audit   'micromark-extension-gfm-autolink-literal': [ '2.1.0' ],
19 silly audit   'micromark-extension-gfm-footnote': [ '2.1.0' ],
19 silly audit   'micromark-extension-gfm-strikethrough': [ '2.1.0' ],
19 silly audit   'micromark-extension-gfm-table': [ '2.1.1' ],
19 silly audit   'micromark-extension-gfm-tagfilter': [ '2.0.0' ],
19 silly audit   'micromark-extension-gfm-task-list-item': [ '2.1.0' ],
19 silly audit   'micromark-extension-math': [ '3.1.0' ],
19 silly audit   'micromark-extension-mdx-expression': [ '3.0.1' ],
19 silly audit   'micromark-extension-mdx-jsx': [ '3.0.2' ],
19 silly audit   'micromark-extension-mdx-md': [ '2.0.0' ],
19 silly audit   'micromark-extension-mdxjs': [ '3.0.0' ],
19 silly audit   'micromark-extension-mdxjs-esm': [ '3.0.0' ],
19 silly audit   'micromark-factory-destination': [ '2.0.1' ],
19 silly audit   'micromark-factory-label': [ '2.0.1' ],
19 silly audit   'micromark-factory-mdx-expression': [ '2.0.3' ],
19 silly audit   'micromark-factory-space': [ '2.0.1' ],
19 silly audit   'micromark-factory-title': [ '2.0.1' ],
19 silly audit   'micromark-factory-whitespace': [ '2.0.1' ],
19 silly audit   'micromark-util-character': [ '2.1.1' ],
19 silly audit   'micromark-util-chunked': [ '2.0.1' ],
19 silly audit   'micromark-util-classify-character': [ '2.0.1' ],
19 silly audit   'micromark-util-combine-extensions': [ '2.0.1' ],
19 silly audit   'micromark-util-decode-numeric-character-reference': [ '2.0.2' ],
19 silly audit   'micromark-util-decode-string': [ '2.0.1' ],
19 silly audit   'micromark-util-encode': [ '2.0.1' ],
19 silly audit   'micromark-util-events-to-acorn': [ '2.0.3' ],
19 silly audit   'micromark-util-html-tag-name': [ '2.0.1' ],
19 silly audit   'micromark-util-normalize-identifier': [ '2.0.1' ],
19 silly audit   'micromark-util-resolve-all': [ '2.0.1' ],
19 silly audit   'micromark-util-sanitize-uri': [ '2.0.1' ],
19 silly audit   'micromark-util-subtokenize': [ '2.1.0' ],
19 silly audit   'micromark-util-symbol': [ '2.0.1' ],
19 silly audit   'micromark-util-types': [ '2.0.2' ],
19 silly audit   micromatch: [ '4.0.8' ],
19 silly audit   'mimic-fn': [ '4.0.0' ],
19 silly audit   minimatch: [ '10.2.5' ],
19 silly audit   'mj-context-menu': [ '0.6.1' ],
19 silly audit   mlly: [ '1.8.2' ],
19 silly audit   ms: [ '2.1.3' ],
19 silly audit   nanoid: [ '3.3.11' ],
19 silly audit   negotiator: [ '1.0.0' ],
19 silly audit   next: [ '16.2.4' ],
19 silly audit   'next-themes': [ '0.4.6' ],
19 silly audit   nextra: [ '4.6.1' ],
19 silly audit   'nextra-theme-docs': [ '4.6.1' ],
19 silly audit   'nlcst-to-string': [ '4.0.0' ],
19 silly audit   'npm-run-path': [ '5.3.0' ],
19 silly audit   'path-key': [ '4.0.0', '3.1.1' ],
19 silly audit   'npm-to-yarn': [ '3.0.1' ],
19 silly audit   onetime: [ '6.0.0' ],
19 silly audit   'oniguruma-parser': [ '0.12.2' ],
19 silly audit   'oniguruma-to-es': [ '4.3.6' ],
19 silly audit   'package-manager-detector': [ '1.6.0' ],
19 silly audit   'parse-entities': [ '4.0.2' ],
19 silly audit   'parse-latin': [ '7.0.0' ],
19 silly audit   'parse-numeric-range': [ '1.3.0' ],
19 silly audit   parse5: [ '7.3.0' ],
19 silly audit   'path-browserify': [ '1.0.1' ],
19 silly audit   'path-data-parser': [ '0.1.0' ],
19 silly audit   pathe: [ '2.0.3' ],
19 silly audit   picocolors: [ '1.1.1' ],
19 silly audit   picomatch: [ '2.3.2', '4.0.4' ],
19 silly audit   'pkg-types': [ '1.3.1' ],
19 silly audit   'points-on-curve': [ '0.2.0' ],
19 silly audit   'points-on-path': [ '0.2.1' ],
19 silly audit   postcss: [ '8.4.31' ],
19 silly audit   'property-information': [ '7.1.0' ],
19 silly audit   'queue-microtask': [ '1.2.3' ],
19 silly audit   react: [ '19.2.5' ],
19 silly audit   'react-aria': [ '3.48.0' ],
19 silly audit   'react-compiler-runtime': [ '19.1.0-rc.3' ],
19 silly audit   'react-dom': [ '19.2.5' ],
19 silly audit   'react-medium-image-zoom': [ '5.4.3' ],
19 silly audit   'react-stately': [ '3.46.0' ],
19 silly audit   'reading-time': [ '1.5.0' ],
19 silly audit   'recma-build-jsx': [ '1.0.0' ],
19 silly audit   'recma-jsx': [ '1.0.1' ],
19 silly audit   'recma-parse': [ '1.0.0' ],
19 silly audit   'recma-stringify': [ '1.0.0' ],
19 silly audit   regex: [ '6.1.0' ],
19 silly audit   'regex-recursion': [ '6.0.2' ],
19 silly audit   'regex-utilities': [ '2.3.0' ],
19 silly audit   'rehype-katex': [ '7.0.1' ],
19 silly audit   'rehype-parse': [ '9.0.1' ],
19 silly audit   'rehype-pretty-code': [ '0.14.1' ],
19 silly audit   'rehype-raw': [ '7.0.0' ],
19 silly audit   'rehype-recma': [ '1.0.0' ],
19 silly audit   'remark-frontmatter': [ '5.0.0' ],
19 silly audit   'remark-gfm': [ '4.0.1' ],
19 silly audit   'remark-math': [ '6.0.0' ],
19 silly audit   'remark-mdx': [ '3.1.1' ],
19 silly audit   'remark-parse': [ '11.0.0' ],
19 silly audit   'remark-reading-time': [ '2.1.0' ],
19 silly audit   'remark-rehype': [ '11.1.2' ],
19 silly audit   'remark-smartypants': [ '3.0.2' ],
19 silly audit   'remark-stringify': [ '11.0.0' ],
19 silly audit   retext: [ '9.0.0' ],
19 silly audit   'retext-latin': [ '4.0.0' ],
19 silly audit   'retext-smartypants': [ '6.2.0' ],
19 silly audit   'retext-stringify': [ '4.0.0' ],
19 silly audit   reusify: [ '1.1.0' ],
19 silly audit   'robust-predicates': [ '3.0.3' ],
19 silly audit   roughjs: [ '4.6.6' ],
19 silly audit   'run-parallel': [ '1.2.0' ],
19 silly audit   rw: [ '1.3.3' ],
19 silly audit   'safer-buffer': [ '2.1.2' ],
19 silly audit   scheduler: [ '0.27.0' ],
19 silly audit   'scroll-into-view-if-needed': [ '3.1.0' ],
19 silly audit   semver: [ '7.7.4' ],
19 silly audit   'server-only': [ '0.0.1' ],
19 silly audit   sharp: [ '0.34.5' ],
19 silly audit   'shebang-command': [ '2.0.0' ],
19 silly audit   'shebang-regex': [ '3.0.0' ],
19 silly audit   shiki: [ '3.23.0' ],
19 silly audit   'signal-exit': [ '4.1.0' ],
19 silly audit   slash: [ '5.1.0' ],
19 silly audit   'source-map': [ '0.7.6' ],
19 silly audit   'source-map-js': [ '1.2.1' ],
19 silly audit   'space-separated-tokens': [ '2.0.2' ],
19 silly audit   'speech-rule-engine': [ '4.1.4' ],
19 silly audit   'stringify-entities': [ '4.0.4' ],
19 silly audit   'strip-final-newline': [ '3.0.0' ],
19 silly audit   'style-to-js': [ '1.1.21' ],
19 silly audit   'style-to-object': [ '1.0.14' ],
19 silly audit   'styled-jsx': [ '5.1.6' ],
19 silly audit   stylis: [ '4.4.0' ],
19 silly audit   'system-architecture': [ '0.1.0' ],
19 silly audit   tabbable: [ '6.4.0' ],
19 silly audit   tinyexec: [ '1.1.1' ],
19 silly audit   tinyglobby: [ '0.2.16' ],
19 silly audit   fdir: [ '6.5.0' ],
19 silly audit   title: [ '4.0.1' ],
19 silly audit   'to-regex-range': [ '5.0.1' ],
19 silly audit   'trim-lines': [ '3.0.1' ],
19 silly audit   trough: [ '2.2.0' ],
19 silly audit   'ts-dedent': [ '2.2.0' ],
19 silly audit   'ts-morph': [ '27.0.2' ],
19 silly audit   tslib: [ '2.8.1' ],
19 silly audit   twoslash: [ '0.3.8' ],
19 silly audit   'twoslash-protocol': [ '0.3.8' ],
19 silly audit   typescript: [ '6.0.3' ],
19 silly audit   ufo: [ '1.6.3' ],
19 silly audit   unified: [ '11.0.5' ],
19 silly audit   'unist-util-find-after': [ '5.0.0' ],
19 silly audit   'unist-util-is': [ '6.0.1' ],
19 silly audit   'unist-util-modify-children': [ '4.0.0' ],
19 silly audit   'unist-util-position': [ '5.0.0' ],
19 silly audit   'unist-util-position-from-estree': [ '2.0.0' ],
19 silly audit   'unist-util-remove': [ '4.0.0' ],
19 silly audit   'unist-util-remove-position': [ '5.0.0' ],
19 silly audit   'unist-util-stringify-position': [ '4.0.0' ],
19 silly audit   'unist-util-visit': [ '5.1.0' ],
19 silly audit   'unist-util-visit-children': [ '3.0.0' ],
19 silly audit   'unist-util-visit-parents': [ '6.0.2' ],
19 silly audit   'use-sync-external-store': [ '1.6.0' ],
19 silly audit   uuid: [ '11.1.0' ],
19 silly audit   vfile: [ '6.0.3' ],
19 silly audit   'vfile-location': [ '5.0.3' ],
19 silly audit   'vfile-message': [ '4.0.3' ],
19 silly audit   'vscode-jsonrpc': [ '8.2.0' ],
19 silly audit   'vscode-languageserver': [ '9.0.1' ],
19 silly audit   'vscode-languageserver-protocol': [ '3.17.5' ],
19 silly audit   'vscode-languageserver-textdocument': [ '1.0.12' ],
19 silly audit   'vscode-languageserver-types': [ '3.17.5' ],
19 silly audit   'vscode-uri': [ '3.1.0' ],
19 silly audit   'web-namespaces': [ '2.0.1' ],
19 silly audit   which: [ '2.0.2' ],
19 silly audit   'wicked-good-xpath': [ '1.3.0' ],
19 silly audit   yaml: [ '2.8.3' ],
19 silly audit   zod: [ '4.3.6' ],
19 silly audit   zustand: [ '5.0.12' ],
19 silly audit   zwitch: [ '2.0.4' ],
19 silly audit   '@netlify/plugin-nextjs': [ '5.15.9' ]
19 silly audit }
20 http cache @netlify/plugin-nextjs@https://registry.npmjs.org/@netlify/plugin-nextjs/-/plugin-nextjs-5.15.9.tgz 1ms (cache hit)
21 http fetch POST 200 https://registry.npmjs.org/-/npm/v1/security/advisories/bulk 457ms
22 silly audit report {
22 silly audit report   postcss: [
22 silly audit report     {
22 silly audit report       id: 1117015,
22 silly audit report       url: 'https://github.com/advisories/GHSA-qx2v-qp2m-jg93',
22 silly audit report       title: 'PostCSS has XSS via Unescaped </style> in its CSS Stringify Output',
22 silly audit report       severity: 'moderate',
22 silly audit report       vulnerable_versions: '<8.5.10',
22 silly audit report       cwe: [Array],
22 silly audit report       cvss: [Object]
22 silly audit report     }
22 silly audit report   ],
22 silly audit report   uuid: [
22 silly audit report     {
22 silly audit report       id: 1116970,
22 silly audit report       url: 'https://github.com/advisories/GHSA-w5hq-g745-h8pq',
22 silly audit report       title: 'uuid: Missing buffer bounds check in v3/v5/v6 when buf is provided',
22 silly audit report       severity: 'moderate',
22 silly audit report       vulnerable_versions: '<14.0.0',
22 silly audit report       cwe: [Array],
22 silly audit report       cvss: [Object]
22 silly audit report     }
22 silly audit report   ]
22 silly audit report }
23 silly packumentCache corgi:https://registry.npmjs.org/postcss cache-miss
24 silly packumentCache corgi:https://registry.npmjs.org/uuid cache-miss
25 http cache https://registry.npmjs.org/postcss 33ms (cache hit)
26 silly packumentCache corgi:https://registry.npmjs.org/postcss set size:342185 disposed:false
27 http cache https://registry.npmjs.org/uuid 50ms (cache hit)
28 silly packumentCache corgi:https://registry.npmjs.org/uuid set size:72733 disposed:false
29 silly packumentCache corgi:https://registry.npmjs.org/next cache-miss
30 http cache https://registry.npmjs.org/next 270ms (cache hit)
31 silly packumentCache corgi:https://registry.npmjs.org/next set size:24786150 disposed:false
32 silly packumentCache corgi:https://registry.npmjs.org/mermaid cache-miss
33 http cache https://registry.npmjs.org/mermaid 48ms (cache hit)
34 silly packumentCache corgi:https://registry.npmjs.org/mermaid set size:557930 disposed:false
35 silly packumentCache corgi:https://registry.npmjs.org/nextra cache-miss
36 silly packumentCache corgi:https://registry.npmjs.org/nextra-theme-docs cache-miss
37 http cache https://registry.npmjs.org/nextra 285ms (cache hit)
38 silly packumentCache corgi:https://registry.npmjs.org/nextra set size:723384 disposed:false
39 http cache https://registry.npmjs.org/nextra-theme-docs 314ms (cache hit)
40 silly packumentCache corgi:https://registry.npmjs.org/nextra-theme-docs set size:672692 disposed:false
41 silly packumentCache corgi:https://registry.npmjs.org/@theguild%2fremark-mermaid cache-miss
42 http cache https://registry.npmjs.org/@theguild%2fremark-mermaid 17ms (cache hit)
43 silly packumentCache corgi:https://registry.npmjs.org/@theguild%2fremark-mermaid set size:139999 disposed:false
44 silly ADD node_modules/@netlify/plugin-nextjs
45 verbose cwd /data/data/com.termux/files/home
46 verbose os Linux 4.14.193-ab66-3
47 verbose node v24.14.1
48 verbose npm  v11.13.0
49 verbose exit 0
50 info ok
